<?xml version="1.0" encoding="UTF-8"?>
<testng-results ignored="0" total="1" passed="1" failed="0" skipped="0">
  <reporter-output>
  </reporter-output>
  <suite started-at="2024-02-27T17:21:48 IST" name="Default suite" finished-at="2024-02-27T17:22:15 IST" duration-ms="27100">
    <groups>
    </groups>
    <test started-at="2024-02-27T17:21:48 IST" name="Default test" finished-at="2024-02-27T17:22:15 IST" duration-ms="27100">
      <class name="laukikdemo.AppiumBasics">
        <test-method is-config="true" signature="ConfigureAppium()[pri:0, instance:laukikdemo.AppiumBasics@20deea7f]" started-at="2024-02-27T17:21:48 IST" name="ConfigureAppium" finished-at="2024-02-27T17:22:12 IST" duration-ms="24818" status="PASS">
          <reporter-output>
          </reporter-output>
        </test-method> <!-- ConfigureAppium -->
        <test-method signature="AppiumTest()[pri:0, instance:laukikdemo.AppiumBasics@20deea7f]" started-at="2024-02-27T17:22:12 IST" name="AppiumTest" finished-at="2024-02-27T17:22:15 IST" duration-ms="2255" status="PASS">
          <reporter-output>
          </reporter-output>
        </test-method> <!-- AppiumTest -->
      </class> <!-- laukikdemo.AppiumBasics -->
    </test> <!-- Default test -->
  </suite> <!-- Default suite -->
</testng-results>
