<?xml version="1.0" encoding="UTF-8"?>
<testng-results ignored="0" total="1" passed="1" failed="0" skipped="0">
  <reporter-output>
  </reporter-output>
  <suite started-at="2024-03-02T12:41:21 IST" name="Default suite" finished-at="2024-03-02T12:41:50 IST" duration-ms="29487">
    <groups>
    </groups>
    <test started-at="2024-03-02T12:41:21 IST" name="Default test" finished-at="2024-03-02T12:41:50 IST" duration-ms="29487">
      <class name="laukikdemo.AppiumBasics">
        <test-method is-config="true" signature="ConfigureAppium()[pri:0, instance:laukikdemo.AppiumBasics@34123d65]" started-at="2024-03-02T12:41:21 IST" name="ConfigureAppium" finished-at="2024-03-02T12:41:47 IST" duration-ms="26907" status="PASS">
          <reporter-output>
          </reporter-output>
        </test-method> <!-- ConfigureAppium -->
        <test-method signature="AppiumTest()[pri:0, instance:laukikdemo.AppiumBasics@34123d65]" started-at="2024-03-02T12:41:47 IST" name="AppiumTest" finished-at="2024-03-02T12:41:50 IST" duration-ms="2542" status="PASS">
          <reporter-output>
          </reporter-output>
        </test-method> <!-- AppiumTest -->
      </class> <!-- laukikdemo.AppiumBasics -->
    </test> <!-- Default test -->
  </suite> <!-- Default suite -->
</testng-results>
